<?xml version="1.0" encoding="UTF-8"?>
<!-- Generated by org.testng.reporters.JUnitReportReporter -->
<testsuite skipped="0" hostname="LAB_04_124" name="com.Vinsys.ChromBrowserTest_ReadDatafromXML" tests="1" failures="0" timestamp="2021-09-02T17:17:51 IST" time="4.102" errors="0">
  <testcase name="OrangeHRM_Login" time="4.102" classname="com.Vinsys.ChromBrowserTest_ReadDatafromXML"/>
</testsuite> <!-- com.Vinsys.ChromBrowserTest_ReadDatafromXML -->
