<?xml version="1.0" encoding="UTF-8"?>
<!-- Generated by org.testng.reporters.JUnitReportReporter -->
<testsuite skipped="0" hostname="LAB_04_124" name="com.Vinsys.OrageHRMS" tests="1" failures="0" timestamp="2021-09-01T12:30:05 IST" time="1.311" errors="0">
  <testcase name="ForgetPassword" time="1.311" classname="com.Vinsys.OrageHRMS"/>
</testsuite> <!-- com.Vinsys.OrageHRMS -->
