<?xml version="1.0" encoding="UTF-8"?>
<!-- Generated by org.testng.reporters.JUnitReportReporter -->
<testsuite skipped="0" hostname="LAB_04_124" name="com.Vinsys.HeadLessIncognito" tests="1" failures="0" timestamp="2021-09-03T11:52:44 IST" time="16.935" errors="0">
  <testcase name="f" time="16.935" classname="com.Vinsys.HeadLessIncognito"/>
</testsuite> <!-- com.Vinsys.HeadLessIncognito -->
