<?xml version="1.0" encoding="UTF-8"?>
<!-- Generated by org.testng.reporters.JUnitReportReporter -->
<testsuite skipped="0" hostname="LAB_04_124" name="com.Vinsys.JavaScriptExecutor" tests="2" failures="0" timestamp="2021-09-03T15:18:30 IST" time="32.829" errors="0">
  <testcase name="jsListenEventExecute" time="18.222" classname="com.Vinsys.JavaScriptExecutor"/>
  <testcase name="jsPageScroll" time="14.607" classname="com.Vinsys.JavaScriptExecutor"/>
</testsuite> <!-- com.Vinsys.JavaScriptExecutor -->
