<?xml version="1.0" encoding="UTF-8"?>
<!-- Generated by org.testng.reporters.JUnitReportReporter -->
<testsuite skipped="0" hostname="LAB_04_124" name="com.Vinsys.DataRead" tests="1" failures="0" timestamp="2021-09-01T17:24:36 IST" time="3.176" errors="0">
  <testcase name="Dataconf" time="3.176" classname="com.Vinsys.DataRead"/>
</testsuite> <!-- com.Vinsys.DataRead -->
