<?xml version="1.0" encoding="UTF-8"?>
<!-- Generated by org.testng.reporters.JUnitReportReporter -->
<testsuite skipped="0" hostname="LAB_04_124" name="com.Vinsys.DragAndDrop" tests="1" failures="0" timestamp="2021-09-01T14:52:21 IST" time="0.021" errors="0">
  <testcase name="f" time="0.021" classname="com.Vinsys.DragAndDrop"/>
</testsuite> <!-- com.Vinsys.DragAndDrop -->
