<?xml version="1.0" encoding="UTF-8"?>
<!-- Generated by org.testng.reporters.JUnitReportReporter -->
<testsuite skipped="0" hostname="LAB_04_124" name="com.Vinsys.HandelingCookies" tests="1" failures="0" timestamp="2021-09-03T11:51:25 IST" time="8.510" errors="0">
  <testcase name="actionsOnCookies" time="8.510" classname="com.Vinsys.HandelingCookies"/>
</testsuite> <!-- com.Vinsys.HandelingCookies -->
