<?xml version="1.0" encoding="UTF-8"?>
<!-- Generated by org.testng.reporters.JUnitReportReporter -->
<testsuite skipped="0" hostname="LAB_04_124" name="com.Vinsys.PropertiesFileRead" tests="1" failures="0" timestamp="2021-09-01T16:58:23 IST" time="0.017" errors="0">
  <testcase name="f" time="0.017" classname="com.Vinsys.PropertiesFileRead"/>
</testsuite> <!-- com.Vinsys.PropertiesFileRead -->
