<?xml version="1.0" encoding="UTF-8"?>
<!-- Generated by org.testng.reporters.JUnitReportReporter -->
<testsuite skipped="0" hostname="LAB_04_124" name="com.Vinsys.ReadDataFromExcel" tests="1" failures="0" timestamp="2021-09-03T15:09:51 IST" time="0.408" errors="0">
  <testcase name="f" time="0.408" classname="com.Vinsys.ReadDataFromExcel"/>
</testsuite> <!-- com.Vinsys.ReadDataFromExcel -->
